<?xml version="1.0" encoding="UTF-8"?>
<!-- Generated by org.testng.reporters.JUnitXMLReporter -->
<testsuite ignored="12" hostname="DESKTOP-P52I1HH" failures="0" tests="1" name="Default test" time="16.81" errors="0" timestamp="2023-02-26T21:29:53 EST">
  <testcase classname="testing.HomePageTest" name="checkTotalAtCheckoutPage" time="9.885"/>
  <testcase classname="testing.HomePageTest" name="checkOutTitle" time="0.0">
    <ignored/>
  </testcase> <!-- checkOutTitle -->
  <testcase classname="testing.HomePageTest" name="threeArrivalsOnly2" time="0.0">
    <ignored/>
  </testcase> <!-- threeArrivalsOnly2 -->
  <testcase classname="testing.HomePageTest" name="removeItem" time="0.0">
    <ignored/>
  </testcase> <!-- removeItem -->
  <testcase classname="testing.HomePageTest" name="arrivalsImageDescription4" time="0.0">
    <ignored/>
  </testcase> <!-- arrivalsImageDescription4 -->
  <testcase classname="testing.HomePageTest" name="couponApplyLessThan450" time="0.0">
    <ignored/>
  </testcase> <!-- couponApplyLessThan450 -->
  <testcase classname="testing.HomePageTest" name="threeSlidersOnly1" time="0.0">
    <ignored/>
  </testcase> <!-- threeSlidersOnly1 -->
  <testcase classname="testing.HomePageTest" name="checkOverLoadedOrder" time="0.0">
    <ignored/>
  </testcase> <!-- checkOverLoadedOrder -->
  <testcase classname="testing.HomePageTest" name="updatebasket" time="0.0">
    <ignored/>
  </testcase> <!-- updatebasket -->
  <testcase classname="testing.HomePageTest" name="arrivalsShouldNavigate3" time="0.0">
    <ignored/>
  </testcase> <!-- arrivalsShouldNavigate3 -->
  <testcase classname="testing.HomePageTest" name="arrivalImageReview" time="0.0">
    <ignored/>
  </testcase> <!-- arrivalImageReview -->
  <testcase classname="testing.HomePageTest" name="couponApply" time="0.0">
    <ignored/>
  </testcase> <!-- couponApply -->
  <testcase classname="testing.HomePageTest" name="addToBasket" time="0.0">
    <ignored/>
  </testcase> <!-- addToBasket -->
</testsuite> <!-- Default test -->
