<?xml version="1.0" encoding="UTF-8"?>
<!-- Generated by org.testng.reporters.JUnitXMLReporter -->
<testsuite ignored="0" hostname="DESKTOP-P52I1HH" failures="0" tests="45" name="all" time="545.238" errors="0" timestamp="2023-02-27T21:28:42 EST">
  <testcase classname="testing.MyAccountTest" name="accountDetailsFunctionCheck7" time="4.919"/>
  <testcase classname="testing.MyAccountTest" name="addressFunctionalityCheck5" time="5.498"/>
  <testcase classname="testing.MyAccountTest" name="checkDashboardLink1" time="3.472"/>
  <testcase classname="testing.MyAccountTest" name="checkStatusDateDetails4" time="7.125"/>
  <testcase classname="testing.MyAccountTest" name="checkViewOrderLink2" time="7.135"/>
  <testcase classname="testing.MyAccountTest" name="checkViewOrderLinkDetails3" time="6.879"/>
  <testcase classname="testing.MyAccountTest" name="editShippingAddressCheck6" time="8.473"/>
  <testcase classname="testing.MyAccountTest" name="logoutCheck8" time="5.817"/>
  <testcase classname="testing.HomePageTest" name="addToBasket" time="8.522"/>
  <testcase classname="testing.HomePageTest" name="arrivalImageReview" time="6.062"/>
  <testcase classname="testing.HomePageTest" name="arrivalsImageDescription4" time="2.623"/>
  <testcase classname="testing.HomePageTest" name="arrivalsShouldNavigate3" time="8.989"/>
  <testcase classname="testing.HomePageTest" name="checkOutTitle" time="7.91"/>
  <testcase classname="testing.HomePageTest" name="checkOverLoadedOrder7" time="5.302"/>
  <testcase classname="testing.HomePageTest" name="checkTotalAtCheckoutPage" time="7.432"/>
  <testcase classname="testing.HomePageTest" name="couponApply" time="7.344"/>
  <testcase classname="testing.HomePageTest" name="couponApplyLessThan450" time="7.298"/>
  <testcase classname="testing.HomePageTest" name="removeItem" time="6.949"/>
  <testcase classname="testing.HomePageTest" name="threeArrivalsOnly2" time="18.976"/>
  <testcase classname="testing.HomePageTest" name="threeSlidersOnly1" time="3.294"/>
  <testcase classname="testing.HomePageTest" name="updatebasket" time="6.995"/>
  <testcase classname="testing.LoginTest" name="correctUserNameAndEmptyPassword3" time="3.15"/>
  <testcase classname="testing.LoginTest" name="emptyUserNameAndCorrectPassword4" time="3.441"/>
  <testcase classname="testing.LoginTest" name="emptyUserNameAndemptyPassword5" time="3.754"/>
  <testcase classname="testing.LoginTest" name="handlesCaseSensitive7" time="3.235"/>
  <testcase classname="testing.LoginTest" name="incorrectUserNameAndIncorrectPassword2" time="3.681"/>
  <testcase classname="testing.LoginTest" name="loginAuthentication8" time="8.342"/>
  <testcase classname="testing.LoginTest" name="passwordShouldBeMasked6" time="2.714"/>
  <testcase classname="testing.LoginTest" name="validUserNameAndValidPassword1" time="4.02"/>
  <testcase classname="testing.RegistrationTest" name="emptyEmailId3" time="4.485"/>
  <testcase classname="testing.RegistrationTest" name="emptyPassword4" time="3.781"/>
  <testcase classname="testing.RegistrationTest" name="emptyPasswordAndEmptyUserName5" time="3.263"/>
  <testcase classname="testing.RegistrationTest" name="registrationWithInvalidEmailAddress2" time="4.798"/>
  <testcase classname="testing.RegistrationTest" name="signInTest1" time="5.102"/>
  <testcase classname="testing.ShopTest" name="baskedFunctionality9" time="16.063"/>
  <testcase classname="testing.ShopTest" name="calculateTaxRate11" time="8.921"/>
  <testcase classname="testing.ShopTest" name="checkPriceRange2" time="3.448"/>
  <testcase classname="testing.ShopTest" name="filterByPriceFinctionality1" time="4.816"/>
  <testcase classname="testing.ShopTest" name="highToLow6" time="4.72"/>
  <testcase classname="testing.ShopTest" name="orderConfirmation10" time="15.661"/>
  <testcase classname="testing.ShopTest" name="readMoreFunctionality7" time="3.758"/>
  <testcase classname="testing.ShopTest" name="saleFunctionality8" time="3.849"/>
  <testcase classname="testing.ShopTest" name="sortByAverage4" time="3.675"/>
  <testcase classname="testing.ShopTest" name="sortByDate5" time="3.909"/>
  <testcase classname="testing.ShopTest" name="sortByPopularity3" time="3.285"/>
</testsuite> <!-- all -->
