<?xml version="1.0" encoding="UTF-8"?>
<!-- Generated by org.testng.reporters.JUnitXMLReporter -->
<testsuite ignored="0" hostname="DESKTOP-P52I1HH" failures="0" tests="46" name="allTests" time="626.45" errors="0" timestamp="2023-03-01T19:15:30 EST">
  <testcase classname="testing.MyAccountTest" name="accountDetailsFunctionCheck7" time="6.215"/>
  <testcase classname="testing.MyAccountTest" name="addressFunctionalityCheck5" time="6.491"/>
  <testcase classname="testing.MyAccountTest" name="checkDashboardLink1" time="3.904"/>
  <testcase classname="testing.MyAccountTest" name="checkStatusDateDetails4" time="7.828"/>
  <testcase classname="testing.MyAccountTest" name="checkViewOrderLink2" time="8.851"/>
  <testcase classname="testing.MyAccountTest" name="checkViewOrderLinkDetails3" time="9.443"/>
  <testcase classname="testing.MyAccountTest" name="editShippingAddressCheck6" time="10.035"/>
  <testcase classname="testing.MyAccountTest" name="logoutCheck8" time="6.958"/>
  <testcase classname="testing.HomePageTest" name="addToBasket" time="15.886"/>
  <testcase classname="testing.HomePageTest" name="arrivalImageReview" time="5.523"/>
  <testcase classname="testing.HomePageTest" name="arrivalsImageDescription4" time="3.107"/>
  <testcase classname="testing.HomePageTest" name="arrivalsShouldNavigate3" time="12.222"/>
  <testcase classname="testing.HomePageTest" name="checkOutTitle" time="8.667"/>
  <testcase classname="testing.HomePageTest" name="checkOverLoadedOrder7" time="6.407"/>
  <testcase classname="testing.HomePageTest" name="checkTotalAtCheckoutPage" time="8.156"/>
  <testcase classname="testing.HomePageTest" name="couponApply" time="8.162"/>
  <testcase classname="testing.HomePageTest" name="couponApplyLessThan450" time="7.724"/>
  <testcase classname="testing.HomePageTest" name="removeItem" time="7.301"/>
  <testcase classname="testing.HomePageTest" name="threeArrivalsOnly2" time="20.213"/>
  <testcase classname="testing.HomePageTest" name="threeSlidersOnly1" time="4.888"/>
  <testcase classname="testing.HomePageTest" name="updatebasket" time="7.564"/>
  <testcase classname="testing.LoginTest" name="correctUserNameAndEmptyPassword3" time="4.115"/>
  <testcase classname="testing.LoginTest" name="emptyUserNameAndCorrectPassword4" time="4.095"/>
  <testcase classname="testing.LoginTest" name="emptyUserNameAndemptyPassword5" time="4.175"/>
  <testcase classname="testing.LoginTest" name="handlesCaseSensitive7" time="4.391"/>
  <testcase classname="testing.LoginTest" name="incorrectUserNameAndIncorrectPassword2" time="4.19"/>
  <testcase classname="testing.LoginTest" name="loginAuthentication8" time="8.661"/>
  <testcase classname="testing.LoginTest" name="passwordShouldBeMasked6" time="2.797"/>
  <testcase classname="testing.LoginTest" name="validUserNameAndValidPassword1" time="4.834"/>
  <testcase classname="testing.RegistrationTest" name="emptyEmailId3" time="4.65"/>
  <testcase classname="testing.RegistrationTest" name="emptyPassword4" time="3.98"/>
  <testcase classname="testing.RegistrationTest" name="emptyPasswordAndEmptyUserName5" time="3.812"/>
  <testcase classname="testing.RegistrationTest" name="registrationWithInvalidEmailAddress2" time="5.342"/>
  <testcase classname="testing.RegistrationTest" name="signInTest1" time="6.0"/>
  <testcase classname="testing.ShopTest" name="baskedFunctionality9" time="14.638"/>
  <testcase classname="testing.ShopTest" name="calculateTaxRate11" time="9.258"/>
  <testcase classname="testing.ShopTest" name="checkPriceRange2" time="4.877"/>
  <testcase classname="testing.ShopTest" name="filterByPriceFinctionality1" time="4.679"/>
  <testcase classname="testing.ShopTest" name="highToLow6" time="5.313"/>
  <testcase classname="testing.ShopTest" name="orderConfirmation10" time="17.809"/>
  <testcase classname="testing.ShopTest" name="readMoreFunctionality7" time="4.928"/>
  <testcase classname="testing.ShopTest" name="saleFunctionality8" time="12.449">
    <skipped/>
  </testcase> <!-- saleFunctionality8 -->
  <testcase classname="testing.ShopTest" name="saleFunctionality8" time="5.277"/>
  <testcase classname="testing.ShopTest" name="sortByAverage4" time="6.091"/>
  <testcase classname="testing.ShopTest" name="sortByDate5" time="5.78"/>
  <testcase classname="testing.ShopTest" name="sortByPopularity3" time="4.864"/>
</testsuite> <!-- allTests -->
