<?xml version="1.0" encoding="UTF-8"?>
<!-- Generated by org.testng.reporters.JUnitXMLReporter -->
<testsuite ignored="0" hostname="DESKTOP-P52I1HH" failures="0" tests="45" name="allTests" time="587.325" errors="0" timestamp="2023-02-28T19:18:36 EST">
  <testcase classname="testing.MyAccountTest" name="accountDetailsFunctionCheck7" time="5.502"/>
  <testcase classname="testing.MyAccountTest" name="addressFunctionalityCheck5" time="6.435"/>
  <testcase classname="testing.MyAccountTest" name="checkDashboardLink1" time="4.322"/>
  <testcase classname="testing.MyAccountTest" name="checkStatusDateDetails4" time="8.007"/>
  <testcase classname="testing.MyAccountTest" name="checkViewOrderLink2" time="7.627"/>
  <testcase classname="testing.MyAccountTest" name="checkViewOrderLinkDetails3" time="7.98"/>
  <testcase classname="testing.MyAccountTest" name="editShippingAddressCheck6" time="20.059"/>
  <testcase classname="testing.MyAccountTest" name="logoutCheck8" time="6.526"/>
  <testcase classname="testing.HomePageTest" name="addToBasket" time="9.138"/>
  <testcase classname="testing.HomePageTest" name="arrivalImageReview" time="8.162"/>
  <testcase classname="testing.HomePageTest" name="arrivalsImageDescription4" time="1.76"/>
  <testcase classname="testing.HomePageTest" name="arrivalsShouldNavigate3" time="10.625"/>
  <testcase classname="testing.HomePageTest" name="checkOutTitle" time="9.573"/>
  <testcase classname="testing.HomePageTest" name="checkOverLoadedOrder7" time="5.552"/>
  <testcase classname="testing.HomePageTest" name="checkTotalAtCheckoutPage" time="9.38"/>
  <testcase classname="testing.HomePageTest" name="couponApply" time="8.091"/>
  <testcase classname="testing.HomePageTest" name="couponApplyLessThan450" time="8.629"/>
  <testcase classname="testing.HomePageTest" name="removeItem" time="7.027"/>
  <testcase classname="testing.HomePageTest" name="threeArrivalsOnly2" time="20.228"/>
  <testcase classname="testing.HomePageTest" name="threeSlidersOnly1" time="3.402"/>
  <testcase classname="testing.HomePageTest" name="updatebasket" time="6.495"/>
  <testcase classname="testing.LoginTest" name="correctUserNameAndEmptyPassword3" time="4.319"/>
  <testcase classname="testing.LoginTest" name="emptyUserNameAndCorrectPassword4" time="3.839"/>
  <testcase classname="testing.LoginTest" name="emptyUserNameAndemptyPassword5" time="4.109"/>
  <testcase classname="testing.LoginTest" name="handlesCaseSensitive7" time="3.98"/>
  <testcase classname="testing.LoginTest" name="incorrectUserNameAndIncorrectPassword2" time="3.646"/>
  <testcase classname="testing.LoginTest" name="loginAuthentication8" time="9.034"/>
  <testcase classname="testing.LoginTest" name="passwordShouldBeMasked6" time="2.27"/>
  <testcase classname="testing.LoginTest" name="validUserNameAndValidPassword1" time="4.731"/>
  <testcase classname="testing.RegistrationTest" name="emptyEmailId3" time="5.233"/>
  <testcase classname="testing.RegistrationTest" name="emptyPassword4" time="3.598"/>
  <testcase classname="testing.RegistrationTest" name="emptyPasswordAndEmptyUserName5" time="4.539"/>
  <testcase classname="testing.RegistrationTest" name="registrationWithInvalidEmailAddress2" time="4.644"/>
  <testcase classname="testing.RegistrationTest" name="signInTest1" time="5.213"/>
  <testcase classname="testing.ShopTest" name="baskedFunctionality9" time="14.549"/>
  <testcase classname="testing.ShopTest" name="calculateTaxRate11" time="9.521"/>
  <testcase classname="testing.ShopTest" name="checkPriceRange2" time="4.41"/>
  <testcase classname="testing.ShopTest" name="filterByPriceFinctionality1" time="5.043"/>
  <testcase classname="testing.ShopTest" name="highToLow6" time="4.484"/>
  <testcase classname="testing.ShopTest" name="orderConfirmation10" time="16.297"/>
  <testcase classname="testing.ShopTest" name="readMoreFunctionality7" time="4.967"/>
  <testcase classname="testing.ShopTest" name="saleFunctionality8" time="5.356"/>
  <testcase classname="testing.ShopTest" name="sortByAverage4" time="4.676"/>
  <testcase classname="testing.ShopTest" name="sortByDate5" time="5.532"/>
  <testcase classname="testing.ShopTest" name="sortByPopularity3" time="4.562"/>
</testsuite> <!-- allTests -->
