<?xml version="1.0" encoding="UTF-8"?>
<!-- Generated by org.testng.reporters.JUnitXMLReporter -->
<testsuite ignored="1" hostname="DESKTOP-P52I1HH" failures="0" tests="3" name="Te23st" time="51.859" errors="0" timestamp="2023-02-26T19:00:23 EST">
  <testcase classname="testing.HomePageTest" name="threeArrivalsOnly2" time="6.019">
    <skipped/>
  </testcase> <!-- threeArrivalsOnly2 -->
  <testcase classname="testing.HomePageTest" name="threeArrivalsOnly2" time="5.955">
    <skipped/>
  </testcase> <!-- threeArrivalsOnly2 -->
  <testcase classname="testing.HomePageTest" name="threeArrivalsOnly2" time="20.749"/>
  <testcase classname="testing.HomePageTest" name="threeSlidersOnly1" time="0.0">
    <ignored/>
  </testcase> <!-- threeSlidersOnly1 -->
</testsuite> <!-- Te23st -->
