<?xml version="1.0" encoding="UTF-8"?>
<!-- Generated by org.testng.reporters.JUnitXMLReporter -->
<testsuite ignored="1" hostname="DESKTOP-P52I1HH" failures="0" tests="1" name="Te31st" time="21.28" errors="0" timestamp="2023-02-26T19:00:45 EST">
  <testcase classname="testing.HomePageTest" name="threeArrivalsOnly2" time="15.057"/>
  <testcase classname="testing.HomePageTest" name="threeSlidersOnly1" time="0.0">
    <ignored/>
  </testcase> <!-- threeSlidersOnly1 -->
</testsuite> <!-- Te31st -->
