<?xml version="1.0" encoding="UTF-8"?>
<!-- Generated by org.testng.reporters.JUnitXMLReporter -->
<testsuite ignored="10" hostname="DESKTOP-P52I1HH" failures="0" tests="1" name="Te5324st" time="15.733" errors="0" timestamp="2023-02-25T21:33:35 EST">
  <testcase classname="testing.ShopTest" name="calculateTaxRate11" time="8.593"/>
  <testcase classname="testing.ShopTest" name="baskedFunctionality9" time="0.0">
    <ignored/>
  </testcase> <!-- baskedFunctionality9 -->
  <testcase classname="testing.ShopTest" name="readMoreFunctionality7" time="0.0">
    <ignored/>
  </testcase> <!-- readMoreFunctionality7 -->
  <testcase classname="testing.ShopTest" name="orderConfirmation10" time="0.0">
    <ignored/>
  </testcase> <!-- orderConfirmation10 -->
  <testcase classname="testing.ShopTest" name="sortByAverage4" time="0.0">
    <ignored/>
  </testcase> <!-- sortByAverage4 -->
  <testcase classname="testing.ShopTest" name="checkPriceRange2" time="0.0">
    <ignored/>
  </testcase> <!-- checkPriceRange2 -->
  <testcase classname="testing.ShopTest" name="sortByDate5" time="0.0">
    <ignored/>
  </testcase> <!-- sortByDate5 -->
  <testcase classname="testing.ShopTest" name="saleFunctionality8" time="0.0">
    <ignored/>
  </testcase> <!-- saleFunctionality8 -->
  <testcase classname="testing.ShopTest" name="highToLow6" time="0.0">
    <ignored/>
  </testcase> <!-- highToLow6 -->
  <testcase classname="testing.ShopTest" name="filterByPriceFinctionality1" time="0.0">
    <ignored/>
  </testcase> <!-- filterByPriceFinctionality1 -->
  <testcase classname="testing.ShopTest" name="sortByPopularity3" time="0.0">
    <ignored/>
  </testcase> <!-- sortByPopularity3 -->
</testsuite> <!-- Te5324st -->
