<?xml version="1.0" encoding="UTF-8"?>
<!-- Generated by org.testng.reporters.JUnitXMLReporter -->
<testsuite ignored="4" hostname="DESKTOP-P52I1HH" failures="0" tests="1" name="Te5st" time="9.74" errors="0" timestamp="2023-02-25T01:24:40 EST">
  <testcase classname="testing.RegistrationTest" name="emptyEmailId3" time="3.835"/>
  <testcase classname="testing.RegistrationTest" name="emptyPassword4" time="0.0">
    <ignored/>
  </testcase> <!-- emptyPassword4 -->
  <testcase classname="testing.RegistrationTest" name="emptyPasswordAndEmptyUserName5" time="0.0">
    <ignored/>
  </testcase> <!-- emptyPasswordAndEmptyUserName5 -->
  <testcase classname="testing.RegistrationTest" name="signInTest1" time="0.0">
    <ignored/>
  </testcase> <!-- signInTest1 -->
  <testcase classname="testing.RegistrationTest" name="registrationWithInvalidEmailAddress2" time="0.0">
    <ignored/>
  </testcase> <!-- registrationWithInvalidEmailAddress2 -->
</testsuite> <!-- Te5st -->
