<?xml version="1.0" encoding="UTF-8"?>
<!-- Generated by org.testng.reporters.JUnitXMLReporter -->
<testsuite ignored="0" hostname="DESKTOP-P52I1HH" failures="0" tests="5" name="Tes2t" time="67.581" errors="0" timestamp="2023-02-25T12:31:10 EST">
  <testcase classname="testing.RegistrationTest" name="emptyEmailId3" time="4.597"/>
  <testcase classname="testing.RegistrationTest" name="emptyPassword4" time="5.072"/>
  <testcase classname="testing.RegistrationTest" name="emptyPasswordAndEmptyUserName5" time="4.39"/>
  <testcase classname="testing.RegistrationTest" name="registrationWithInvalidEmailAddress2" time="4.875"/>
  <testcase classname="testing.RegistrationTest" name="signInTest1" time="5.749"/>
</testsuite> <!-- Tes2t -->
