<?xml version="1.0" encoding="UTF-8"?>
<!-- Generated by org.testng.reporters.JUnitXMLReporter -->
<testsuite ignored="7" hostname="DESKTOP-P52I1HH" failures="0" tests="1" name="Test21" time="12.792" errors="0" timestamp="2023-02-23T21:21:25 EST">
  <testcase classname="testing.LoginTest" name="loginAuthentication8" time="6.746"/>
  <testcase classname="testing.LoginTest" name="passwordShouldBeMasked6" time="0.0">
    <ignored/>
  </testcase> <!-- passwordShouldBeMasked6 -->
  <testcase classname="testing.LoginTest" name="correctUserNameAndEmptyPassword3" time="0.0">
    <ignored/>
  </testcase> <!-- correctUserNameAndEmptyPassword3 -->
  <testcase classname="testing.LoginTest" name="emptyUserNameAndCorrectPassword4" time="0.0">
    <ignored/>
  </testcase> <!-- emptyUserNameAndCorrectPassword4 -->
  <testcase classname="testing.LoginTest" name="handlesCaseSensitive7" time="0.0">
    <ignored/>
  </testcase> <!-- handlesCaseSensitive7 -->
  <testcase classname="testing.LoginTest" name="incorrectUserNameAndIncorrectPassword2" time="0.0">
    <ignored/>
  </testcase> <!-- incorrectUserNameAndIncorrectPassword2 -->
  <testcase classname="testing.LoginTest" name="validUserNameAndValidPassword1" time="0.0">
    <ignored/>
  </testcase> <!-- validUserNameAndValidPassword1 -->
  <testcase classname="testing.LoginTest" name="emptyUserNameAndemptyPassword5" time="0.0">
    <ignored/>
  </testcase> <!-- emptyUserNameAndemptyPassword5 -->
</testsuite> <!-- Test21 -->
