<?xml version="1.0" encoding="UTF-8"?>
<!-- Generated by org.testng.reporters.JUnitXMLReporter -->
<testsuite ignored="44" hostname="DESKTOP-P52I1HH" failures="0" tests="1" name="Test" time="13.461" errors="0" timestamp="2023-02-27T00:27:15 EST">
  <testcase classname="testing.LoginTest" name="loginAuthentication8" time="7.186"/>
  <testcase classname="testing.ShopTest" name="filterByPriceFinctionality1" time="0.0">
    <ignored/>
  </testcase> <!-- filterByPriceFinctionality1 -->
  <testcase classname="testing.HomePageTest" name="checkOverLoadedOrder" time="0.0">
    <ignored/>
  </testcase> <!-- checkOverLoadedOrder -->
  <testcase classname="testing.MyAccountTest" name="checkViewOrderLink2" time="0.0">
    <ignored/>
  </testcase> <!-- checkViewOrderLink2 -->
  <testcase classname="testing.MyAccountTest" name="checkDashboardLink1" time="0.0">
    <ignored/>
  </testcase> <!-- checkDashboardLink1 -->
  <testcase classname="testing.ShopTest" name="sortByDate5" time="0.0">
    <ignored/>
  </testcase> <!-- sortByDate5 -->
  <testcase classname="testing.HomePageTest" name="checkTotalAtCheckoutPage" time="0.0">
    <ignored/>
  </testcase> <!-- checkTotalAtCheckoutPage -->
  <testcase classname="testing.HomePageTest" name="updatebasket" time="0.0">
    <ignored/>
  </testcase> <!-- updatebasket -->
  <testcase classname="testing.MyAccountTest" name="logoutCheck8" time="0.0">
    <ignored/>
  </testcase> <!-- logoutCheck8 -->
  <testcase classname="testing.LoginTest" name="passwordShouldBeMasked6" time="0.0">
    <ignored/>
  </testcase> <!-- passwordShouldBeMasked6 -->
  <testcase classname="testing.RegistrationTest" name="registrationWithInvalidEmailAddress2" time="0.0">
    <ignored/>
  </testcase> <!-- registrationWithInvalidEmailAddress2 -->
  <testcase classname="testing.RegistrationTest" name="emptyPassword4" time="0.0">
    <ignored/>
  </testcase> <!-- emptyPassword4 -->
  <testcase classname="testing.ShopTest" name="checkPriceRange2" time="0.0">
    <ignored/>
  </testcase> <!-- checkPriceRange2 -->
  <testcase classname="testing.ShopTest" name="highToLow6" time="0.0">
    <ignored/>
  </testcase> <!-- highToLow6 -->
  <testcase classname="testing.RegistrationTest" name="emptyPasswordAndEmptyUserName5" time="0.0">
    <ignored/>
  </testcase> <!-- emptyPasswordAndEmptyUserName5 -->
  <testcase classname="testing.ShopTest" name="sortByPopularity3" time="0.0">
    <ignored/>
  </testcase> <!-- sortByPopularity3 -->
  <testcase classname="testing.LoginTest" name="handlesCaseSensitive7" time="0.0">
    <ignored/>
  </testcase> <!-- handlesCaseSensitive7 -->
  <testcase classname="testing.LoginTest" name="emptyUserNameAndCorrectPassword4" time="0.0">
    <ignored/>
  </testcase> <!-- emptyUserNameAndCorrectPassword4 -->
  <testcase classname="testing.ShopTest" name="saleFunctionality8" time="0.0">
    <ignored/>
  </testcase> <!-- saleFunctionality8 -->
  <testcase classname="testing.MyAccountTest" name="checkStatusDateDetails4" time="0.0">
    <ignored/>
  </testcase> <!-- checkStatusDateDetails4 -->
  <testcase classname="testing.MyAccountTest" name="accountDetailsFunctionCheck7" time="0.0">
    <ignored/>
  </testcase> <!-- accountDetailsFunctionCheck7 -->
  <testcase classname="testing.RegistrationTest" name="signInTest1" time="0.0">
    <ignored/>
  </testcase> <!-- signInTest1 -->
  <testcase classname="testing.ShopTest" name="sortByAverage4" time="0.0">
    <ignored/>
  </testcase> <!-- sortByAverage4 -->
  <testcase classname="testing.ShopTest" name="readMoreFunctionality7" time="0.0">
    <ignored/>
  </testcase> <!-- readMoreFunctionality7 -->
  <testcase classname="testing.MyAccountTest" name="editShippingAddressCheck6" time="0.0">
    <ignored/>
  </testcase> <!-- editShippingAddressCheck6 -->
  <testcase classname="testing.HomePageTest" name="couponApplyLessThan450" time="0.0">
    <ignored/>
  </testcase> <!-- couponApplyLessThan450 -->
  <testcase classname="testing.HomePageTest" name="arrivalImageReview" time="0.0">
    <ignored/>
  </testcase> <!-- arrivalImageReview -->
  <testcase classname="testing.ShopTest" name="orderConfirmation10" time="0.0">
    <ignored/>
  </testcase> <!-- orderConfirmation10 -->
  <testcase classname="testing.LoginTest" name="validUserNameAndValidPassword1" time="0.0">
    <ignored/>
  </testcase> <!-- validUserNameAndValidPassword1 -->
  <testcase classname="testing.HomePageTest" name="addToBasket" time="0.0">
    <ignored/>
  </testcase> <!-- addToBasket -->
  <testcase classname="testing.LoginTest" name="incorrectUserNameAndIncorrectPassword2" time="0.0">
    <ignored/>
  </testcase> <!-- incorrectUserNameAndIncorrectPassword2 -->
  <testcase classname="testing.HomePageTest" name="checkOutTitle" time="0.0">
    <ignored/>
  </testcase> <!-- checkOutTitle -->
  <testcase classname="testing.HomePageTest" name="couponApply" time="0.0">
    <ignored/>
  </testcase> <!-- couponApply -->
  <testcase classname="testing.MyAccountTest" name="addressFunctionalityCheck5" time="0.0">
    <ignored/>
  </testcase> <!-- addressFunctionalityCheck5 -->
  <testcase classname="testing.ShopTest" name="calculateTaxRate11" time="0.0">
    <ignored/>
  </testcase> <!-- calculateTaxRate11 -->
  <testcase classname="testing.LoginTest" name="emptyUserNameAndemptyPassword5" time="0.0">
    <ignored/>
  </testcase> <!-- emptyUserNameAndemptyPassword5 -->
  <testcase classname="testing.MyAccountTest" name="checkViewOrderLinkDetails3" time="0.0">
    <ignored/>
  </testcase> <!-- checkViewOrderLinkDetails3 -->
  <testcase classname="testing.HomePageTest" name="arrivalsImageDescription4" time="0.0">
    <ignored/>
  </testcase> <!-- arrivalsImageDescription4 -->
  <testcase classname="testing.ShopTest" name="baskedFunctionality9" time="0.0">
    <ignored/>
  </testcase> <!-- baskedFunctionality9 -->
  <testcase classname="testing.HomePageTest" name="threeSlidersOnly1" time="0.0">
    <ignored/>
  </testcase> <!-- threeSlidersOnly1 -->
  <testcase classname="testing.HomePageTest" name="removeItem" time="0.0">
    <ignored/>
  </testcase> <!-- removeItem -->
  <testcase classname="testing.RegistrationTest" name="emptyEmailId3" time="0.0">
    <ignored/>
  </testcase> <!-- emptyEmailId3 -->
  <testcase classname="testing.HomePageTest" name="threeArrivalsOnly2" time="0.0">
    <ignored/>
  </testcase> <!-- threeArrivalsOnly2 -->
  <testcase classname="testing.HomePageTest" name="arrivalsShouldNavigate3" time="0.0">
    <ignored/>
  </testcase> <!-- arrivalsShouldNavigate3 -->
  <testcase classname="testing.LoginTest" name="correctUserNameAndEmptyPassword3" time="0.0">
    <ignored/>
  </testcase> <!-- correctUserNameAndEmptyPassword3 -->
</testsuite> <!-- Test -->
