<?xml version="1.0" encoding="UTF-8"?>
<!-- Generated by org.testng.reporters.JUnitXMLReporter -->
<testsuite ignored="7" hostname="DESKTOP-P52I1HH" failures="0" tests="1" name="Test1" time="11.976" errors="0" timestamp="2023-02-25T01:12:06 EST">
  <testcase classname="testing.MyAccountTest" name="logoutCheck8" time="5.856"/>
  <testcase classname="testing.MyAccountTest" name="editShippingAddressCheck6" time="0.0">
    <ignored/>
  </testcase> <!-- editShippingAddressCheck6 -->
  <testcase classname="testing.MyAccountTest" name="checkStatusDateDetails4" time="0.0">
    <ignored/>
  </testcase> <!-- checkStatusDateDetails4 -->
  <testcase classname="testing.MyAccountTest" name="checkViewOrderLink2" time="0.0">
    <ignored/>
  </testcase> <!-- checkViewOrderLink2 -->
  <testcase classname="testing.MyAccountTest" name="accountDetailsFunctionCheck7" time="0.0">
    <ignored/>
  </testcase> <!-- accountDetailsFunctionCheck7 -->
  <testcase classname="testing.MyAccountTest" name="addressFunctionalityCheck5" time="0.0">
    <ignored/>
  </testcase> <!-- addressFunctionalityCheck5 -->
  <testcase classname="testing.MyAccountTest" name="checkViewOrderLinkDetails3" time="0.0">
    <ignored/>
  </testcase> <!-- checkViewOrderLinkDetails3 -->
  <testcase classname="testing.MyAccountTest" name="checkDashboardLink1" time="0.0">
    <ignored/>
  </testcase> <!-- checkDashboardLink1 -->
</testsuite> <!-- Test1 -->
