<?xml version="1.0" encoding="UTF-8"?>
<!-- Generated by org.testng.reporters.JUnitXMLReporter -->
<testsuite ignored="3" hostname="Zolboos-MacBook-Pro-2.local" failures="0" tests="1" name="Test232" time="20.194" errors="0" timestamp="2023-02-23T13:40:59 EST">
  <testcase classname="testing.RegistrationTest" name="emptyPassword" time="11.045"/>
  <testcase classname="testing.RegistrationTest" name="emptyEmailId3" time="0.0">
    <ignored/>
  </testcase> <!-- emptyEmailId3 -->
  <testcase classname="testing.RegistrationTest" name="registrationWithInvalidEmailAddress2" time="0.0">
    <ignored/>
  </testcase> <!-- registrationWithInvalidEmailAddress2 -->
  <testcase classname="testing.RegistrationTest" name="signInTest1" time="0.0">
    <ignored/>
  </testcase> <!-- signInTest1 -->
</testsuite> <!-- Test232 -->
