<?xml version="1.0" encoding="UTF-8"?>
<!-- Generated by org.testng.reporters.JUnitXMLReporter -->
<testsuite ignored="0" hostname="Zolboos-MacBook-Pro-2.local" failures="0" tests="8" name="Test1" time="146.199" errors="0" timestamp="2023-02-23T15:18:10 EST">
  <testcase classname="testing.LoginTest" name="correctUserNameAndEmptyPassword3" time="10.697"/>
  <testcase classname="testing.LoginTest" name="emptyUserNameAndCorrectPassword4" time="9.471"/>
  <testcase classname="testing.LoginTest" name="emptyUserNameAndemptyPassword5" time="6.614"/>
  <testcase classname="testing.LoginTest" name="handlesCaseSensitive7" time="7.041"/>
  <testcase classname="testing.LoginTest" name="incorrectUserNameAndIncorrectPassword2" time="9.902"/>
  <testcase classname="testing.LoginTest" name="loginAuthentication8" time="11.619"/>
  <testcase classname="testing.LoginTest" name="passwordShouldBeMasked6" time="7.754"/>
  <testcase classname="testing.LoginTest" name="validUserNameAndValidPassword1" time="12.146"/>
</testsuite> <!-- Test1 -->
