<?xml version="1.0" encoding="UTF-8"?>
<!-- Generated by org.testng.reporters.JUnitXMLReporter -->
<testsuite ignored="13" hostname="Zolboos-MacBook-Pro-2.local" failures="8" tests="8" name="Testing login" time="0.143" errors="0" timestamp="2023-02-23T16:07:01 EST">
  <testcase classname="testing.LoginTest" name="correctUserNameAndEmptyPassword3" time="0.012">
    <failure type="java.lang.NullPointerException">
      <![CDATA[java.lang.NullPointerException
at testing.LoginTest.correctUserNameAndEmptyPassword3(LoginTest.java:32)
at java.base/java.util.ArrayList.forEach(ArrayList.java:1541)
... Removed 27 stack frames]]>
    </failure>
  </testcase> <!-- correctUserNameAndEmptyPassword3 -->
  <testcase classname="testing.LoginTest" name="emptyUserNameAndCorrectPassword4" time="0.001">
    <failure type="java.lang.NullPointerException">
      <![CDATA[java.lang.NullPointerException
at testing.LoginTest.emptyUserNameAndCorrectPassword4(LoginTest.java:41)
at java.base/java.util.ArrayList.forEach(ArrayList.java:1541)
... Removed 27 stack frames]]>
    </failure>
  </testcase> <!-- emptyUserNameAndCorrectPassword4 -->
  <testcase classname="testing.LoginTest" name="emptyUserNameAndemptyPassword5" time="0.002">
    <failure type="java.lang.NullPointerException">
      <![CDATA[java.lang.NullPointerException
at testing.LoginTest.emptyUserNameAndemptyPassword5(LoginTest.java:50)
at java.base/java.util.ArrayList.forEach(ArrayList.java:1541)
... Removed 27 stack frames]]>
    </failure>
  </testcase> <!-- emptyUserNameAndemptyPassword5 -->
  <testcase classname="testing.LoginTest" name="handlesCaseSensitive7" time="0.007">
    <failure type="java.lang.NullPointerException">
      <![CDATA[java.lang.NullPointerException
at testing.LoginTest.handlesCaseSensitive7(LoginTest.java:66)
at java.base/java.util.ArrayList.forEach(ArrayList.java:1541)
... Removed 27 stack frames]]>
    </failure>
  </testcase> <!-- handlesCaseSensitive7 -->
  <testcase classname="testing.LoginTest" name="incorrectUserNameAndIncorrectPassword2" time="0.004">
    <failure type="java.lang.NullPointerException">
      <![CDATA[java.lang.NullPointerException
at testing.LoginTest.incorrectUserNameAndIncorrectPassword2(LoginTest.java:22)
at java.base/java.util.ArrayList.forEach(ArrayList.java:1541)
... Removed 27 stack frames]]>
    </failure>
  </testcase> <!-- incorrectUserNameAndIncorrectPassword2 -->
  <testcase classname="testing.LoginTest" name="loginAuthentication8" time="0.003">
    <failure type="java.lang.NullPointerException">
      <![CDATA[java.lang.NullPointerException
at testing.LoginTest.loginAuthentication8(LoginTest.java:76)
at java.base/java.util.ArrayList.forEach(ArrayList.java:1541)
... Removed 27 stack frames]]>
    </failure>
  </testcase> <!-- loginAuthentication8 -->
  <testcase classname="testing.LoginTest" name="passwordShouldBeMasked6" time="0.001">
    <failure type="java.lang.NullPointerException">
      <![CDATA[java.lang.NullPointerException
at testing.LoginTest.passwordShouldBeMasked6(LoginTest.java:58)
at java.base/java.util.ArrayList.forEach(ArrayList.java:1541)
... Removed 27 stack frames]]>
    </failure>
  </testcase> <!-- passwordShouldBeMasked6 -->
  <testcase classname="testing.LoginTest" name="validUserNameAndValidPassword1" time="0.001">
    <failure type="java.lang.NullPointerException">
      <![CDATA[java.lang.NullPointerException
at testing.LoginTest.validUserNameAndValidPassword1(LoginTest.java:13)
at java.base/java.util.ArrayList.forEach(ArrayList.java:1541)
... Removed 27 stack frames]]>
    </failure>
  </testcase> <!-- validUserNameAndValidPassword1 -->
  <testcase classname="testing.RegistrationTest" name="registrationWithInvalidEmailAddress2" time="0.0">
    <ignored/>
  </testcase> <!-- registrationWithInvalidEmailAddress2 -->
  <testcase classname="testing.RegistrationTest" name="signInTest1" time="0.0">
    <ignored/>
  </testcase> <!-- signInTest1 -->
  <testcase classname="testing.MyAccountTest" name="accountDetailsFunctionCheck" time="0.0">
    <ignored/>
  </testcase> <!-- accountDetailsFunctionCheck -->
  <testcase classname="testing.MyAccountTest" name="checkDashboardLink1" time="0.0">
    <ignored/>
  </testcase> <!-- checkDashboardLink1 -->
  <testcase classname="testing.MyAccountTest" name="checkViewOrderLinkDetails" time="0.0">
    <ignored/>
  </testcase> <!-- checkViewOrderLinkDetails -->
  <testcase classname="testing.RegistrationTest" name="emptyPasswordAndEmptyUserName5" time="0.0">
    <ignored/>
  </testcase> <!-- emptyPasswordAndEmptyUserName5 -->
  <testcase classname="testing.MyAccountTest" name="addressFunctionalityCheck" time="0.0">
    <ignored/>
  </testcase> <!-- addressFunctionalityCheck -->
  <testcase classname="testing.MyAccountTest" name="checkViewOrderLink" time="0.0">
    <ignored/>
  </testcase> <!-- checkViewOrderLink -->
  <testcase classname="testing.MyAccountTest" name="editShippingAddressCheck" time="0.0">
    <ignored/>
  </testcase> <!-- editShippingAddressCheck -->
  <testcase classname="testing.RegistrationTest" name="emptyPassword4" time="0.0">
    <ignored/>
  </testcase> <!-- emptyPassword4 -->
  <testcase classname="testing.MyAccountTest" name="logoutCheck" time="0.0">
    <ignored/>
  </testcase> <!-- logoutCheck -->
  <testcase classname="testing.MyAccountTest" name="checkStatusDateDetails" time="0.0">
    <ignored/>
  </testcase> <!-- checkStatusDateDetails -->
  <testcase classname="testing.RegistrationTest" name="emptyEmailId3" time="0.0">
    <ignored/>
  </testcase> <!-- emptyEmailId3 -->
</testsuite> <!-- Testing login -->
