<?xml version="1.0" encoding="UTF-8"?>
<!-- Generated by org.testng.reporters.JUnitXMLReporter -->
<testsuite ignored="6" hostname="Zolboos-MacBook-Pro-2.local" failures="0" tests="1" name="Test3" time="18.549" errors="0" timestamp="2023-02-23T10:47:50 EST">
  <testcase classname="testing.LoginTest" name="handlesCaseSensitive7" time="8.498"/>
  <testcase classname="testing.LoginTest" name="passwordShouldBeMasked6" time="0.0">
    <ignored/>
  </testcase> <!-- passwordShouldBeMasked6 -->
  <testcase classname="testing.LoginTest" name="correctUserNameAndEmptyPassword3" time="0.0">
    <ignored/>
  </testcase> <!-- correctUserNameAndEmptyPassword3 -->
  <testcase classname="testing.LoginTest" name="incorrectUserNameAndIncorrectPassword2" time="0.0">
    <ignored/>
  </testcase> <!-- incorrectUserNameAndIncorrectPassword2 -->
  <testcase classname="testing.LoginTest" name="validUserNameAndValidPassword1" time="0.0">
    <ignored/>
  </testcase> <!-- validUserNameAndValidPassword1 -->
  <testcase classname="testing.LoginTest" name="emptyUserNameAndCorrectPassword4" time="0.0">
    <ignored/>
  </testcase> <!-- emptyUserNameAndCorrectPassword4 -->
  <testcase classname="testing.LoginTest" name="emptyUserNameAndemptyPassword5" time="0.0">
    <ignored/>
  </testcase> <!-- emptyUserNameAndemptyPassword5 -->
</testsuite> <!-- Test3 -->
