<?xml version="1.0" encoding="UTF-8"?>
<!-- Generated by org.testng.reporters.JUnitXMLReporter -->
<testsuite ignored="0" hostname="Zolboos-MacBook-Pro-2.local" failures="21" tests="21" name="Tester" time="0.228" errors="0" timestamp="2023-02-23T16:12:38 EST">
  <testcase classname="testing.MyAccountTest" name="accountDetailsFunctionCheck" time="0.009">
    <failure type="java.lang.NullPointerException">
      <![CDATA[java.lang.NullPointerException
at testing.MyAccountTest.accountDetailsFunctionCheck(MyAccountTest.java:91)
at java.base/java.util.ArrayList.forEach(ArrayList.java:1541)
... Removed 27 stack frames]]>
    </failure>
  </testcase> <!-- accountDetailsFunctionCheck -->
  <testcase classname="testing.MyAccountTest" name="addressFunctionalityCheck" time="0.003">
    <failure type="java.lang.NullPointerException">
      <![CDATA[java.lang.NullPointerException
at testing.MyAccountTest.addressFunctionalityCheck(MyAccountTest.java:65)
at java.base/java.util.ArrayList.forEach(ArrayList.java:1541)
... Removed 27 stack frames]]>
    </failure>
  </testcase> <!-- addressFunctionalityCheck -->
  <testcase classname="testing.MyAccountTest" name="checkDashboardLink1" time="0.001">
    <failure type="java.lang.NullPointerException">
      <![CDATA[java.lang.NullPointerException
at testing.MyAccountTest.checkDashboardLink1(MyAccountTest.java:15)
at java.base/java.util.ArrayList.forEach(ArrayList.java:1541)
... Removed 27 stack frames]]>
    </failure>
  </testcase> <!-- checkDashboardLink1 -->
  <testcase classname="testing.MyAccountTest" name="checkStatusDateDetails" time="0.001">
    <failure type="java.lang.NullPointerException">
      <![CDATA[java.lang.NullPointerException
at testing.MyAccountTest.checkStatusDateDetails(MyAccountTest.java:52)
at java.base/java.util.ArrayList.forEach(ArrayList.java:1541)
... Removed 27 stack frames]]>
    </failure>
  </testcase> <!-- checkStatusDateDetails -->
  <testcase classname="testing.MyAccountTest" name="checkViewOrderLink" time="0.001">
    <failure type="java.lang.NullPointerException">
      <![CDATA[java.lang.NullPointerException
at testing.MyAccountTest.checkViewOrderLink(MyAccountTest.java:25)
at java.base/java.util.ArrayList.forEach(ArrayList.java:1541)
... Removed 27 stack frames]]>
    </failure>
  </testcase> <!-- checkViewOrderLink -->
  <testcase classname="testing.MyAccountTest" name="checkViewOrderLinkDetails" time="0.0">
    <failure type="java.lang.NullPointerException">
      <![CDATA[java.lang.NullPointerException
at testing.MyAccountTest.checkViewOrderLinkDetails(MyAccountTest.java:39)
at java.base/java.util.ArrayList.forEach(ArrayList.java:1541)
... Removed 27 stack frames]]>
    </failure>
  </testcase> <!-- checkViewOrderLinkDetails -->
  <testcase classname="testing.MyAccountTest" name="editShippingAddressCheck" time="0.001">
    <failure type="java.lang.NullPointerException">
      <![CDATA[java.lang.NullPointerException
at testing.MyAccountTest.editShippingAddressCheck(MyAccountTest.java:78)
at java.base/java.util.ArrayList.forEach(ArrayList.java:1541)
... Removed 27 stack frames]]>
    </failure>
  </testcase> <!-- editShippingAddressCheck -->
  <testcase classname="testing.MyAccountTest" name="logoutCheck" time="0.001">
    <failure type="java.lang.NullPointerException">
      <![CDATA[java.lang.NullPointerException
at testing.MyAccountTest.logoutCheck(MyAccountTest.java:103)
at java.base/java.util.ArrayList.forEach(ArrayList.java:1541)
... Removed 27 stack frames]]>
    </failure>
  </testcase> <!-- logoutCheck -->
  <testcase classname="testing.RegistrationTest" name="emptyEmailId3" time="0.005">
    <failure type="java.lang.NullPointerException">
      <![CDATA[java.lang.NullPointerException
at testing.RegistrationTest.emptyEmailId3(RegistrationTest.java:36)
at java.base/java.util.ArrayList.forEach(ArrayList.java:1541)
... Removed 27 stack frames]]>
    </failure>
  </testcase> <!-- emptyEmailId3 -->
  <testcase classname="testing.RegistrationTest" name="emptyPassword4" time="0.001">
    <failure type="java.lang.NullPointerException">
      <![CDATA[java.lang.NullPointerException
at testing.RegistrationTest.emptyPassword4(RegistrationTest.java:44)
at java.base/java.util.ArrayList.forEach(ArrayList.java:1541)
... Removed 27 stack frames]]>
    </failure>
  </testcase> <!-- emptyPassword4 -->
  <testcase classname="testing.RegistrationTest" name="emptyPasswordAndEmptyUserName5" time="0.002">
    <failure type="java.lang.NullPointerException">
      <![CDATA[java.lang.NullPointerException
at testing.RegistrationTest.emptyPasswordAndEmptyUserName5(RegistrationTest.java:53)
at java.base/java.util.ArrayList.forEach(ArrayList.java:1541)
... Removed 27 stack frames]]>
    </failure>
  </testcase> <!-- emptyPasswordAndEmptyUserName5 -->
  <testcase classname="testing.RegistrationTest" name="registrationWithInvalidEmailAddress2" time="0.001">
    <failure type="java.lang.NullPointerException">
      <![CDATA[java.lang.NullPointerException
at testing.RegistrationTest.registrationWithInvalidEmailAddress2(RegistrationTest.java:26)
at java.base/java.util.ArrayList.forEach(ArrayList.java:1541)
... Removed 27 stack frames]]>
    </failure>
  </testcase> <!-- registrationWithInvalidEmailAddress2 -->
  <testcase classname="testing.RegistrationTest" name="signInTest1" time="0.001">
    <failure type="java.lang.NullPointerException">
      <![CDATA[java.lang.NullPointerException
at testing.RegistrationTest.signInTest1(RegistrationTest.java:16)
at java.base/java.util.ArrayList.forEach(ArrayList.java:1541)
... Removed 27 stack frames]]>
    </failure>
  </testcase> <!-- signInTest1 -->
  <testcase classname="testing.LoginTest" name="correctUserNameAndEmptyPassword3" time="0.005">
    <failure type="java.lang.NullPointerException">
      <![CDATA[java.lang.NullPointerException
at testing.LoginTest.correctUserNameAndEmptyPassword3(LoginTest.java:34)
at java.base/java.util.ArrayList.forEach(ArrayList.java:1541)
... Removed 27 stack frames]]>
    </failure>
  </testcase> <!-- correctUserNameAndEmptyPassword3 -->
  <testcase classname="testing.LoginTest" name="emptyUserNameAndCorrectPassword4" time="0.001">
    <failure type="java.lang.NullPointerException">
      <![CDATA[java.lang.NullPointerException
at testing.LoginTest.emptyUserNameAndCorrectPassword4(LoginTest.java:43)
at java.base/java.util.ArrayList.forEach(ArrayList.java:1541)
... Removed 27 stack frames]]>
    </failure>
  </testcase> <!-- emptyUserNameAndCorrectPassword4 -->
  <testcase classname="testing.LoginTest" name="emptyUserNameAndemptyPassword5" time="0.001">
    <failure type="java.lang.NullPointerException">
      <![CDATA[java.lang.NullPointerException
at testing.LoginTest.emptyUserNameAndemptyPassword5(LoginTest.java:52)
at java.base/java.util.ArrayList.forEach(ArrayList.java:1541)
... Removed 27 stack frames]]>
    </failure>
  </testcase> <!-- emptyUserNameAndemptyPassword5 -->
  <testcase classname="testing.LoginTest" name="handlesCaseSensitive7" time="0.001">
    <failure type="java.lang.NullPointerException">
      <![CDATA[java.lang.NullPointerException
at testing.LoginTest.handlesCaseSensitive7(LoginTest.java:68)
at java.base/java.util.ArrayList.forEach(ArrayList.java:1541)
... Removed 27 stack frames]]>
    </failure>
  </testcase> <!-- handlesCaseSensitive7 -->
  <testcase classname="testing.LoginTest" name="incorrectUserNameAndIncorrectPassword2" time="0.001">
    <failure type="java.lang.NullPointerException">
      <![CDATA[java.lang.NullPointerException
at testing.LoginTest.incorrectUserNameAndIncorrectPassword2(LoginTest.java:24)
at java.base/java.util.ArrayList.forEach(ArrayList.java:1541)
... Removed 27 stack frames]]>
    </failure>
  </testcase> <!-- incorrectUserNameAndIncorrectPassword2 -->
  <testcase classname="testing.LoginTest" name="loginAuthentication8" time="0.001">
    <failure type="java.lang.NullPointerException">
      <![CDATA[java.lang.NullPointerException
at testing.LoginTest.loginAuthentication8(LoginTest.java:78)
at java.base/java.util.ArrayList.forEach(ArrayList.java:1541)
... Removed 27 stack frames]]>
    </failure>
  </testcase> <!-- loginAuthentication8 -->
  <testcase classname="testing.LoginTest" name="passwordShouldBeMasked6" time="0.0">
    <failure type="java.lang.NullPointerException">
      <![CDATA[java.lang.NullPointerException
at testing.LoginTest.passwordShouldBeMasked6(LoginTest.java:60)
at java.base/java.util.ArrayList.forEach(ArrayList.java:1541)
... Removed 27 stack frames]]>
    </failure>
  </testcase> <!-- passwordShouldBeMasked6 -->
  <testcase classname="testing.LoginTest" name="validUserNameAndValidPassword1" time="0.0">
    <failure type="java.lang.NullPointerException">
      <![CDATA[java.lang.NullPointerException
at testing.LoginTest.validUserNameAndValidPassword1(LoginTest.java:15)
at java.base/java.util.ArrayList.forEach(ArrayList.java:1541)
... Removed 27 stack frames]]>
    </failure>
  </testcase> <!-- validUserNameAndValidPassword1 -->
</testsuite> <!-- Tester -->
