<?xml version="1.0" encoding="UTF-8"?>
<!-- Generated by org.testng.reporters.JUnitXMLReporter -->
<testsuite ignored="7" hostname="DESKTOP-P52I1HH" failures="0" tests="1" name="Test42" time="14.046" errors="0" timestamp="2023-02-23T19:26:52 EST">
  <testcase classname="testing.MyAccountTest" name="checkDashboardLink1" time="7.171"/>
  <testcase classname="testing.MyAccountTest" name="checkStatusDateDetails" time="0.0">
    <ignored/>
  </testcase> <!-- checkStatusDateDetails -->
  <testcase classname="testing.MyAccountTest" name="editShippingAddressCheck" time="0.0">
    <ignored/>
  </testcase> <!-- editShippingAddressCheck -->
  <testcase classname="testing.MyAccountTest" name="logoutCheck" time="0.0">
    <ignored/>
  </testcase> <!-- logoutCheck -->
  <testcase classname="testing.MyAccountTest" name="checkViewOrderLink" time="0.0">
    <ignored/>
  </testcase> <!-- checkViewOrderLink -->
  <testcase classname="testing.MyAccountTest" name="checkViewOrderLinkDetails" time="0.0">
    <ignored/>
  </testcase> <!-- checkViewOrderLinkDetails -->
  <testcase classname="testing.MyAccountTest" name="addressFunctionalityCheck" time="0.0">
    <ignored/>
  </testcase> <!-- addressFunctionalityCheck -->
  <testcase classname="testing.MyAccountTest" name="accountDetailsFunctionCheck" time="0.0">
    <ignored/>
  </testcase> <!-- accountDetailsFunctionCheck -->
</testsuite> <!-- Test42 -->
