<?xml version="1.0" encoding="UTF-8"?>
<!-- Generated by org.testng.reporters.JUnitXMLReporter -->
<testsuite ignored="7" hostname="DESKTOP-P52I1HH" failures="0" tests="15" name="Test from testing package" time="181.693" errors="0" timestamp="2023-02-23T22:54:17 EST">
  <testcase classname="testing.MyAccountTest" name="accountDetailsFunctionCheck7" time="6.148"/>
  <testcase classname="testing.MyAccountTest" name="addressFunctionalityCheck5" time="6.613"/>
  <testcase classname="testing.MyAccountTest" name="checkDashboardLink1" time="3.61"/>
  <testcase classname="testing.MyAccountTest" name="checkStatusDateDetails4" time="7.37"/>
  <testcase classname="testing.MyAccountTest" name="checkViewOrderLink2" time="7.815"/>
  <testcase classname="testing.MyAccountTest" name="checkViewOrderLinkDetails3" time="7.023"/>
  <testcase classname="testing.MyAccountTest" name="editShippingAddressCheck6" time="10.415"/>
  <testcase classname="testing.MyAccountTest" name="logoutCheck8" time="5.906"/>
  <testcase classname="testing.RegistrationTest" name="emptyEmailId3" time="4.739"/>
  <testcase classname="testing.RegistrationTest" name="emptyPassword4" time="3.396"/>
  <testcase classname="testing.RegistrationTest" name="emptyPasswordAndEmptyUserName5" time="3.14"/>
  <testcase classname="testing.RegistrationTest" name="registrationWithInvalidEmailAddress2" time="4.524"/>
  <testcase classname="testing.RegistrationTest" name="signInTest1" time="5.187"/>
  <testcase classname="testing.LoginTest" name="loginAuthentication8" time="7.686"/>
  <testcase classname="testing.ShopTest" name="checkPriceRange" time="3.837"/>
  <testcase classname="testing.LoginTest" name="correctUserNameAndEmptyPassword3" time="0.0">
    <ignored/>
  </testcase> <!-- correctUserNameAndEmptyPassword3 -->
  <testcase classname="testing.LoginTest" name="passwordShouldBeMasked6" time="0.0">
    <ignored/>
  </testcase> <!-- passwordShouldBeMasked6 -->
  <testcase classname="testing.LoginTest" name="incorrectUserNameAndIncorrectPassword2" time="0.0">
    <ignored/>
  </testcase> <!-- incorrectUserNameAndIncorrectPassword2 -->
  <testcase classname="testing.LoginTest" name="validUserNameAndValidPassword1" time="0.0">
    <ignored/>
  </testcase> <!-- validUserNameAndValidPassword1 -->
  <testcase classname="testing.LoginTest" name="emptyUserNameAndCorrectPassword4" time="0.0">
    <ignored/>
  </testcase> <!-- emptyUserNameAndCorrectPassword4 -->
  <testcase classname="testing.LoginTest" name="handlesCaseSensitive7" time="0.0">
    <ignored/>
  </testcase> <!-- handlesCaseSensitive7 -->
  <testcase classname="testing.LoginTest" name="emptyUserNameAndemptyPassword5" time="0.0">
    <ignored/>
  </testcase> <!-- emptyUserNameAndemptyPassword5 -->
</testsuite> <!-- Test from testing package -->
