<?xml version="1.0" encoding="UTF-8"?>
<!-- Generated by org.testng.reporters.JUnitXMLReporter -->
<testsuite ignored="1" hostname="Zolboos-MacBook-Pro-2.local" failures="0" tests="1" name="Test5" time="20.457" errors="0" timestamp="2023-02-23T09:57:39 EST">
  <testcase classname="testing.LoginTest" name="incorrectUserNameAndIncorrectPassword2" time="11.443"/>
  <testcase classname="testing.LoginTest" name="validUserNameAndValidPassword1" time="0.0">
    <ignored/>
  </testcase> <!-- validUserNameAndValidPassword1 -->
</testsuite> <!-- Test5 -->
