<?xml version="1.0" encoding="UTF-8"?>
<testng-results ignored="0" total="2" passed="2" failed="0" skipped="0">
  <reporter-output>
  </reporter-output>
  <suite started-at="2023-02-23T16:17:55 EST" name="Suite" finished-at="2023-02-23T16:18:31 EST" duration-ms="36726">
    <groups>
    </groups>
    <test started-at="2023-02-23T16:17:55 EST" name="Test" finished-at="2023-02-23T16:18:15 EST" duration-ms="19983">
      <class name="testing.ShopTest">
        <test-method is-config="true" signature="getDriver()[pri:0, instance:testing.ShopTest@2ea41516]" started-at="2023-02-23T16:17:55 EST" name="getDriver" finished-at="2023-02-23T16:18:05 EST" duration-ms="9925" status="PASS">
          <reporter-output>
          </reporter-output>
        </test-method> <!-- getDriver -->
        <test-method signature="checkPriceRange()[pri:0, instance:testing.ShopTest@2ea41516]" started-at="2023-02-23T16:18:05 EST" name="checkPriceRange" finished-at="2023-02-23T16:18:14 EST" duration-ms="9685" status="PASS">
          <reporter-output>
          </reporter-output>
        </test-method> <!-- checkPriceRange -->
        <test-method is-config="true" signature="closeDriver()[pri:0, instance:testing.ShopTest@2ea41516]" started-at="2023-02-23T16:18:14 EST" name="closeDriver" finished-at="2023-02-23T16:18:15 EST" duration-ms="299" status="PASS">
          <reporter-output>
          </reporter-output>
        </test-method> <!-- closeDriver -->
      </class> <!-- testing.ShopTest -->
    </test> <!-- Test -->
    <test started-at="2023-02-23T16:18:15 EST" name="Test2" finished-at="2023-02-23T16:18:31 EST" duration-ms="16724">
      <class name="testing.ShopTest">
        <test-method is-config="true" signature="getDriver()[pri:0, instance:testing.ShopTest@6d4d66d2]" started-at="2023-02-23T16:18:15 EST" name="getDriver" finished-at="2023-02-23T16:18:22 EST" duration-ms="7305" status="PASS">
          <reporter-output>
          </reporter-output>
        </test-method> <!-- getDriver -->
        <test-method signature="checkPriceRange()[pri:0, instance:testing.ShopTest@6d4d66d2]" started-at="2023-02-23T16:18:22 EST" name="checkPriceRange" finished-at="2023-02-23T16:18:31 EST" duration-ms="9096" status="PASS">
          <reporter-output>
          </reporter-output>
        </test-method> <!-- checkPriceRange -->
        <test-method is-config="true" signature="closeDriver()[pri:0, instance:testing.ShopTest@6d4d66d2]" started-at="2023-02-23T16:18:31 EST" name="closeDriver" finished-at="2023-02-23T16:18:31 EST" duration-ms="314" status="PASS">
          <reporter-output>
          </reporter-output>
        </test-method> <!-- closeDriver -->
      </class> <!-- testing.ShopTest -->
    </test> <!-- Test2 -->
  </suite> <!-- Suite -->
</testng-results>
